<?xml version="1.0" encoding="UTF-8"?>
<!-- Generated by org.testng.reporters.JUnitReportReporter -->
<testsuite hostname="LOVELESH" failures="0" tests="2" name="Day1" time="0.019" errors="0" timestamp="06 Mar 2024 08:44:41 GMT" skipped="0">
  <testcase classname="Day1" name="test2" time="0.007"/>
  <testcase classname="Day1" name="test1" time="0.012"/>
</testsuite> <!-- Day1 -->
