<?xml version="1.0" encoding="UTF-8"?>
<!-- Generated by org.testng.reporters.JUnitReportReporter -->
<testsuite hostname="LOVELESH" failures="0" tests="6" name="test.Day3" time="0.134" errors="0" timestamp="07 Mar 2024 06:54:31 GMT" skipped="1">
  <testcase classname="test.Day3" name="MobileLoginCarLoan" time="0.016"/>
  <testcase classname="test.Day3" name="WebLoginCarLoan" time="0.052"/>
  <testcase classname="test.Day3" name="MobileLoginCarLoan" time="0.022"/>
  <testcase classname="test.Day3" name="MobileLoginCarLoan" time="0.017"/>
  <testcase classname="test.Day3" name="MobileLogOutCarLoan" time="0.027"/>
  <testcase classname="test.Day3" name="MobileSigninCarLoan">
    <skipped/>
  </testcase> <!-- MobileSigninCarLoan -->
</testsuite> <!-- test.Day3 -->
