<?xml version="1.0" encoding="UTF-8"?>
<!-- Generated by org.testng.reporters.JUnitReportReporter -->
<testsuite hostname="LOVELESH" failures="0" tests="1" name="test.Day2" time="0.011" errors="0" timestamp="07 Mar 2024 06:54:31 GMT" skipped="0">
  <testcase classname="test.Day2" name="test1" time="0.011"/>
</testsuite> <!-- test.Day2 -->
