<?xml version="1.0" encoding="UTF-8"?>
<!-- Generated by org.testng.reporters.JUnitReportReporter -->
<testsuite hostname="LOVELESH" failures="0" tests="1" name="test.Day4" time="0.010" errors="0" timestamp="07 Mar 2024 06:54:31 GMT" skipped="0">
  <testcase classname="test.Day4" name="MobileLoginHomeLoan" time="0.010"/>
</testsuite> <!-- test.Day4 -->
